<?xml version="1.0" encoding="UTF-8" ?>
<testsuite failures="0" time="1.05" errors="0" skipped="0" tests="6" name="com.freshbooks.test.TestFreshBooksXStream">
  <properties>
[...]
</properties>
  <testcase time="0.719" classname="com.freshbooks.test.TestFreshBooksXStream" name="loadSaveInvoice1"/>
  <testcase time="0.044" classname="com.freshbooks.test.TestFreshBooksXStream" name="loadSaveInvoiceWithExtraTags1"/>
  <testcase time="0.049" classname="com.freshbooks.test.TestFreshBooksXStream" name="loadSaveClient"/>
  <testcase time="0.075" classname="com.freshbooks.test.TestFreshBooksXStream" name="loadSaveClientList"/>
  <testcase time="0.04" classname="com.freshbooks.test.TestFreshBooksXStream" name="loadSaveInvoiceList"/>
  <testcase time="0.028" classname="com.freshbooks.test.TestFreshBooksXStream" name="loadSaveExpenseList"/>
</testsuite>